<?xml version="1.0" encoding="UTF-8"?>
<testsuite xmlns:xsi="http://www.w3.org/2001/XMLSchema-instance" xsi:noNamespaceSchemaLocation="https://maven.apache.org/surefire/maven-surefire-plugin/xsd/surefire-test-report-3.0.xsd" version="3.0" name="ScratchGameTest" time="0.147" tests="11" errors="0" skipped="0" failures="0">
  <properties>
[...]
</properties>
  <testcase name="test_all_symbol_E_and_5x_bonus_0_0" classname="ScratchGameTest" time="0.058"/>
  <testcase name="test_all_symbol_E_and_5x_bonus_1_1" classname="ScratchGameTest" time="0.004"/>
  <testcase name="test_all_symbol_E_and_5x_bonus_2_0" classname="ScratchGameTest" time="0.003"/>
  <testcase name="test_multiple_symbol_win_vertical" classname="ScratchGameTest" time="0.003"/>
  <testcase name="test_all_symbol_E_and_MISS_bonus" classname="ScratchGameTest" time="0.002"/>
  <testcase name="test_count_symbol_matrix" classname="ScratchGameTest" time="0.003"/>
  <testcase name="test_multiple_symbol_win" classname="ScratchGameTest" time="0.003"/>
  <testcase name="test_multiple_symbol_win_diagonally" classname="ScratchGameTest" time="0.002"/>
  <testcase name="test_lost_game" classname="ScratchGameTest" time="0.002"/>
  <testcase name="test_matrix_axb" classname="ScratchGameTest" time="0.002"/>
  <testcase name="test_all_symbol_E_and_plus_1000_bonus" classname="ScratchGameTest" time="0.003"/>
</testsuite>